2021-10-19 20:06:27 INFO  TestBase:93 - loading config.properties
2021-10-19 20:06:27 INFO  TestBase:98 - loading or.properties
2021-10-19 20:06:27 INFO  TestBase:104 - loading homepage.properties
2021-10-19 20:06:31 INFO  WaitHelper:28 - 20
2021-10-19 20:06:31 INFO  WaitHelper:37 - 240
2021-10-19 20:06:31 INFO  IRAlaunchpage:31 - com.hybridFramework.IRALaunchPage.IRAlaunchpage started
2021-10-19 20:06:37 INFO  WaitHelper:61 - element found...Test agent - IRA
Hello and welcome to IRA agent
2021-10-19 20:06:37 INFO  IRAHomePage:117 - Closing Welcome message pop-up
2021-10-19 20:06:37 INFO  IRAHomePage:123 - Clicking on IRA icon
2021-10-19 20:06:39 INFO  IRAHomePage:129 - Click on Get started link
2021-10-19 20:06:41 INFO  IRAHomePage:140 - Click on start over menu button
2021-10-19 20:06:47 INFO  IRAHomePage:151 - Click on DownloadMotorPolicy
2021-10-19 20:06:49 INFO  IRAHomePage:162 - Click on Download link
2021-10-19 20:06:58 INFO  IRAlaunchpage:49 - URL of new window is : https://www.iffcotokio.co.in/#buy-car-insurance
2021-10-19 20:07:00 INFO  IRAHomePage:169 - Click on Text field to enter some values
2021-10-19 20:07:03 INFO  IRAHomePage:176 - Click on send button
2021-10-19 20:07:03 INFO  IRAHomePage:182 - Fill the form
2021-10-19 20:07:07 INFO  IRAHomePage:184 - Full name is entered : ABC
2021-10-19 20:07:09 INFO  IRAHomePage:187 - Address is entered : Bangalore
2021-10-19 20:07:11 INFO  JavaScriptHelper:34 - Scroll to element
2021-10-19 20:07:12 INFO  JavaScriptHelper:29 - window.scrollTo(arguments[0],arguments[1])
2021-10-19 20:07:12 INFO  JavaScriptHelper:36 - [[ChromeDriver: chrome on WINDOWS (352ec2decc1e8750e365e1a483446a1d)] -> xpath: //span[contains(@class,'helper') and @aria-label='Male']]
2021-10-19 20:07:12 INFO  JavaScriptHelper:42 - [[ChromeDriver: chrome on WINDOWS (352ec2decc1e8750e365e1a483446a1d)] -> xpath: //span[contains(@class,'helper') and @aria-label='Male']]
2021-10-19 20:07:14 INFO  IRAHomePage:193 - Click on drop-down to select how often you search
2021-10-19 20:07:16 INFO  IRAHomePage:196 - Select from drop-down
2021-10-19 20:07:20 INFO  JavaScriptHelper:29 - arguments[0].scrollIntoView()
2021-10-19 20:07:20 INFO  JavaScriptHelper:47 - [[ChromeDriver: chrome on WINDOWS (352ec2decc1e8750e365e1a483446a1d)] -> xpath: //button[contains(@class,'card_submit')]]
2021-10-19 20:07:20 INFO  IRAHomePage:202 - Click on submit
2021-10-19 20:07:23 INFO  IRAHomePage:169 - Click on Text field to enter some values
2021-10-19 20:07:25 INFO  IRAHomePage:176 - Click on send button
2021-10-19 20:07:25 INFO  IRAHomePage:207 - Click on Google link
2021-10-19 20:07:29 INFO  IRAHomePage:219 - Close webview
2021-10-19 20:07:31 INFO  IRAHomePage:213 - Click on Call link
2021-10-19 20:07:38 INFO  TestBase:93 - loading config.properties
2021-10-19 20:07:38 INFO  TestBase:98 - loading or.properties
2021-10-19 20:07:38 INFO  TestBase:104 - loading homepage.properties
2021-10-19 20:07:40 INFO  WaitHelper:28 - 20
2021-10-19 20:07:40 INFO  WaitHelper:37 - 240
2021-10-19 20:07:40 INFO  IRAlaunchpage:26 - com.hybridFramework.IRALaunchPage.IRAlaunchpage started
2021-10-19 20:07:45 INFO  WaitHelper:61 - element found...Test agent - IRA
Hello and welcome to IRA agent
2021-10-19 20:07:45 ERROR VerificationHelper:48 - actualText is :Test agent - IRA
Hello and welcome to IRA agent expected text is: This is wrong text1
2021-10-19 20:07:47 INFO  TestBase:93 - loading config.properties
2021-10-19 20:07:47 INFO  TestBase:98 - loading or.properties
2021-10-19 20:07:47 INFO  TestBase:104 - loading homepage.properties
2021-10-19 20:07:49 INFO  WaitHelper:28 - 20
2021-10-19 20:07:49 INFO  WaitHelper:37 - 240
2021-10-19 20:07:49 INFO  IRAlaunchpage:29 - com.hybridFramework.IRALaunchPage.IRAlaunchpage started
2021-10-19 20:07:54 INFO  WaitHelper:61 - element found...Test agent - IRA
Hello and welcome to IRA agent
2021-10-19 20:07:54 INFO  IRAHomePage:117 - Closing Welcome message pop-up
2021-10-19 20:07:55 INFO  IRAHomePage:123 - Clicking on IRA icon
2021-10-19 20:07:56 INFO  IRAHomePage:129 - Click on Get started link
2021-10-19 20:07:58 INFO  IRAHomePage:140 - Click on start over menu button
2021-10-19 20:08:03 INFO  IRAHomePage:169 - Click on Text field to enter some values
2021-10-19 20:08:05 INFO  IRAHomePage:176 - Click on send button
2021-10-19 20:08:09 INFO  IRAHomePage:169 - Click on Text field to enter some values
2021-10-19 20:08:12 INFO  IRAHomePage:176 - Click on send button
2021-10-19 20:08:16 INFO  IRAHomePage:169 - Click on Text field to enter some values
2021-10-19 20:08:18 INFO  IRAHomePage:176 - Click on send button
2021-10-19 20:08:22 INFO  IRAHomePage:169 - Click on Text field to enter some values
2021-10-19 20:08:24 INFO  IRAHomePage:176 - Click on send button
2021-10-19 20:08:29 INFO  IRAHomePage:169 - Click on Text field to enter some values
2021-10-19 20:08:31 INFO  IRAHomePage:176 - Click on send button
2021-10-19 20:08:33 INFO  IRAHomePage:225 - click on yes
2021-10-19 20:08:37 INFO  IRAHomePage:169 - Click on Text field to enter some values
2021-10-19 20:08:40 INFO  IRAHomePage:176 - Click on send button
2021-10-19 20:08:42 INFO  IRAHomePage:231 - click on Motor
2021-10-19 20:08:44 INFO  IRAHomePage:237 - click on Car Insurance
2021-10-19 20:08:49 INFO  IRAHomePage:169 - Click on Text field to enter some values
2021-10-19 20:08:51 INFO  IRAHomePage:176 - Click on send button
